<?xml version="1.0" encoding="UTF-8"?>
<!-- Generated by org.testng.reporters.JUnitReportReporter -->
<testsuite hostname="DESKTOP-4G28UD9" failures="0" tests="1" name="test.Take" time="9.878" errors="0" timestamp="2023-01-25T10:33:30 IST" skipped="0">
  <testcase classname="test.Take" name="verifyname" time="9.878"/>
  <system-out/>
</testsuite> <!-- test.Take -->
