<?xml version="1.0" encoding="UTF-8"?>
<!-- Generated by org.testng.reporters.JUnitReportReporter -->
<testsuite hostname="DESKTOP-4G28UD9" failures="0" tests="2" name="testcase.TestingXYZhome" time="10.089" errors="0" timestamp="2023-01-25T19:34:38 IST" skipped="0">
  <testcase classname="testcase.TestingXYZhome" name="XYZFunctions" time="4.391"/>
  <system-out/>
  <testcase classname="testcase.TestingXYZhome" name="userlogin" time="5.698"/>
  <system-out/>
</testsuite> <!-- testcase.TestingXYZhome -->
