<?xml version="1.0" encoding="UTF-8"?>
<!-- Generated by org.testng.reporters.JUnitReportReporter -->
<testsuite hostname="DESKTOP-4G28UD9" failures="0" tests="3" name="test.Testt2" time="0.021" errors="0" timestamp="2023-01-23T01:03:00 IST" skipped="0">
  <testcase classname="test.Testt2" name="LoginPage" time="0.017"/>
  <system-out/>
  <testcase classname="test.Testt2" name="LoginPage" time="0.002"/>
  <system-out/>
  <testcase classname="test.Testt2" name="LoginPage" time="0.002"/>
  <system-out/>
</testsuite> <!-- test.Testt2 -->
