<?xml version="1.0" encoding="UTF-8"?>
<!-- Generated by org.testng.reporters.JUnitReportReporter -->
<testsuite hostname="DESKTOP-4G28UD9" failures="0" tests="2" name="test.Testing" time="14.285" errors="0" timestamp="2023-01-23T00:41:37 IST" skipped="0">
  <testcase classname="test.Testing" name="VerifyURL" time="7.200"/>
  <system-out/>
  <testcase classname="test.Testing" name="VerifyTitle" time="7.085"/>
  <system-out>
    <![CDATA[Log in to Facebook]]>
  </system-out>
</testsuite> <!-- test.Testing -->
