<?xml version="1.0" encoding="UTF-8"?>
<!-- Generated by org.testng.reporters.JUnitReportReporter -->
<testsuite hostname="DESKTOP-4G28UD9" failures="0" tests="2" name="testcase.Testing" time="7.645" errors="0" timestamp="2023-01-25T14:50:02 IST" skipped="0">
  <testcase classname="testcase.Testing" name="XYZhome" time="6.335"/>
  <system-out/>
  <testcase classname="testcase.Testing" name="userDeposit" time="1.310"/>
  <system-out/>
</testsuite> <!-- testcase.Testing -->
